<?xml version="1.0" encoding="UTF-8"?>
<coverage generated="1673105366747" clover="3.2.0">
  <project timestamp="1673105366747" name="All files">
    <metrics statements="113" coveredstatements="91" conditionals="55" coveredconditionals="28" methods="30" coveredmethods="21" elements="198" coveredelements="140" complexity="0" loc="113" ncloc="113" packages="3" files="5" classes="5"/>
    <package name="src">
      <metrics statements="4" coveredstatements="4" conditionals="0" coveredconditionals="0" methods="0" coveredmethods="0"/>
      <file name="index.ts" path="/Users/hunor/workspace-zhunor/soccermatics/rabona.js/src/index.ts">
        <metrics statements="4" coveredstatements="4" conditionals="0" coveredconditionals="0" methods="0" coveredmethods="0"/>
        <line num="1" count="1" type="stmt"/>
        <line num="2" count="1" type="stmt"/>
        <line num="4" count="1" type="stmt"/>
        <line num="8" count="1" type="stmt"/>
      </file>
    </package>
    <package name="src.Layer">
      <metrics statements="17" coveredstatements="15" conditionals="3" coveredconditionals="3" methods="8" coveredmethods="6"/>
      <file name="Layer.ts" path="/Users/hunor/workspace-zhunor/soccermatics/rabona.js/src/Layer/Layer.ts">
        <metrics statements="16" coveredstatements="14" conditionals="3" coveredconditionals="3" methods="6" coveredmethods="5"/>
        <line num="3" count="2" type="cond" truecount="2" falsecount="0"/>
        <line num="4" count="2" type="stmt"/>
        <line num="5" count="2" type="stmt"/>
        <line num="6" count="2" type="stmt"/>
        <line num="64" count="6" type="stmt"/>
        <line num="65" count="6" type="stmt"/>
        <line num="66" count="6" type="stmt"/>
        <line num="72" count="0" type="stmt"/>
        <line num="73" count="0" type="stmt"/>
        <line num="79" count="1" type="stmt"/>
        <line num="83" count="1" type="cond" truecount="1" falsecount="0"/>
        <line num="84" count="1" type="stmt"/>
        <line num="86" count="1" type="stmt"/>
        <line num="90" count="2" type="stmt"/>
        <line num="128" count="2" type="stmt"/>
        <line num="129" count="4" type="stmt"/>
      </file>
      <file name="index.ts" path="/Users/hunor/workspace-zhunor/soccermatics/rabona.js/src/Layer/index.ts">
        <metrics statements="1" coveredstatements="1" conditionals="0" coveredconditionals="0" methods="2" coveredmethods="1"/>
        <line num="1" count="2" type="stmt"/>
      </file>
    </package>
    <package name="src.Pitch">
      <metrics statements="92" coveredstatements="72" conditionals="52" coveredconditionals="25" methods="22" coveredmethods="15"/>
      <file name="Pitch.ts" path="/Users/hunor/workspace-zhunor/soccermatics/rabona.js/src/Pitch/Pitch.ts">
        <metrics statements="91" coveredstatements="71" conditionals="52" coveredconditionals="25" methods="20" coveredmethods="14"/>
        <line num="1" count="1" type="stmt"/>
        <line num="2" count="1" type="stmt"/>
        <line num="37" count="1" type="stmt"/>
        <line num="38" count="6" type="stmt"/>
        <line num="44" count="6" type="stmt"/>
        <line num="50" count="6" type="stmt"/>
        <line num="58" count="8" type="stmt"/>
        <line num="61" count="6" type="stmt"/>
        <line num="66" count="10" type="stmt"/>
        <line num="69" count="6" type="stmt"/>
        <line num="74" count="7" type="stmt"/>
        <line num="77" count="6" type="stmt"/>
        <line num="80" count="6" type="stmt"/>
        <line num="81" count="6" type="cond" truecount="1" falsecount="1"/>
        <line num="82" count="6" type="stmt"/>
        <line num="96" count="6" type="stmt"/>
        <line num="98" count="6" type="stmt"/>
        <line num="102" count="1" type="stmt"/>
        <line num="110" count="6" type="stmt"/>
        <line num="122" count="6" type="cond" truecount="0" falsecount="1"/>
        <line num="123" count="0" type="stmt"/>
        <line num="124" count="0" type="stmt"/>
        <line num="125" count="0" type="stmt"/>
        <line num="126" count="0" type="stmt"/>
        <line num="129" count="6" type="stmt"/>
        <line num="138" count="6" type="stmt"/>
        <line num="149" count="6" type="stmt"/>
        <line num="160" count="6" type="stmt"/>
        <line num="170" count="6" type="stmt"/>
        <line num="181" count="6" type="stmt"/>
        <line num="192" count="6" type="stmt"/>
        <line num="203" count="6" type="stmt"/>
        <line num="214" count="6" type="stmt"/>
        <line num="225" count="6" type="stmt"/>
        <line num="240" count="6" type="stmt"/>
        <line num="242" count="6" type="stmt"/>
        <line num="246" count="3" type="stmt"/>
        <line num="247" count="3" type="cond" truecount="0" falsecount="1"/>
        <line num="248" count="0" type="stmt"/>
        <line num="250" count="3" type="stmt"/>
        <line num="252" count="3" type="stmt"/>
        <line num="253" count="3" type="stmt"/>
        <line num="260" count="3" type="stmt"/>
        <line num="262" count="3" type="cond" truecount="4" falsecount="0"/>
        <line num="264" count="1" type="stmt"/>
        <line num="265" count="1" type="stmt"/>
        <line num="267" count="1" type="cond" truecount="1" falsecount="1"/>
        <line num="271" count="1" type="stmt"/>
        <line num="277" count="1" type="cond" truecount="1" falsecount="1"/>
        <line num="278" count="1" type="cond" truecount="1" falsecount="1"/>
        <line num="282" count="1" type="cond" truecount="1" falsecount="0"/>
        <line num="283" count="1" type="stmt"/>
        <line num="286" count="0" type="stmt"/>
        <line num="298" count="0" type="stmt"/>
        <line num="301" count="1" type="stmt"/>
        <line num="303" count="1" type="stmt"/>
        <line num="304" count="2" type="stmt"/>
        <line num="305" count="2" type="cond" truecount="2" falsecount="0"/>
        <line num="306" count="2" type="cond" truecount="1" falsecount="1"/>
        <line num="309" count="2" type="cond" truecount="1" falsecount="1"/>
        <line num="312" count="2" type="cond" truecount="1" falsecount="1"/>
        <line num="315" count="2" type="cond" truecount="1" falsecount="1"/>
        <line num="319" count="2" type="cond" truecount="1" falsecount="1"/>
        <line num="335" count="2" type="stmt"/>
        <line num="345" count="2" type="stmt"/>
        <line num="353" count="2" type="cond" truecount="1" falsecount="0"/>
        <line num="354" count="2" type="stmt"/>
        <line num="357" count="0" type="stmt"/>
        <line num="372" count="1" type="stmt"/>
        <line num="375" count="1" type="stmt"/>
        <line num="376" count="1" type="cond" truecount="1" falsecount="1"/>
        <line num="392" count="1" type="stmt"/>
        <line num="402" count="1" type="stmt"/>
        <line num="404" count="3" type="stmt"/>
        <line num="406" count="0" type="stmt"/>
        <line num="408" count="3" type="stmt"/>
        <line num="412" count="0" type="stmt"/>
        <line num="414" count="0" type="cond" truecount="0" falsecount="3"/>
        <line num="415" count="0" type="stmt"/>
        <line num="418" count="0" type="stmt"/>
        <line num="419" count="0" type="stmt"/>
        <line num="420" count="0" type="cond" truecount="0" falsecount="1"/>
        <line num="421" count="0" type="stmt"/>
        <line num="423" count="0" type="stmt"/>
        <line num="424" count="0" type="stmt"/>
        <line num="426" count="0" type="stmt"/>
        <line num="430" count="2" type="stmt"/>
        <line num="431" count="2" type="stmt"/>
        <line num="432" count="2" type="stmt"/>
        <line num="436" count="1" type="stmt"/>
        <line num="437" count="0" type="stmt"/>
      </file>
      <file name="index.ts" path="/Users/hunor/workspace-zhunor/soccermatics/rabona.js/src/Pitch/index.ts">
        <metrics statements="1" coveredstatements="1" conditionals="0" coveredconditionals="0" methods="2" coveredmethods="1"/>
        <line num="1" count="2" type="stmt"/>
      </file>
    </package>
  </project>
</coverage>
