TN:
SF:src/index.ts
FNF:0
FNH:0
DA:1,1
DA:2,1
DA:4,1
DA:8,1
LF:4
LH:4
BRF:0
BRH:0
end_of_record
TN:
SF:src/Layer/Layer.ts
FN:3,(anonymous_0)
FN:63,(anonymous_1)
FN:71,(anonymous_2)
FN:78,(anonymous_3)
FN:82,(anonymous_4)
FN:128,createLayer
FNF:6
FNH:5
FNDA:2,(anonymous_0)
FNDA:6,(anonymous_1)
FNDA:0,(anonymous_2)
FNDA:1,(anonymous_3)
FNDA:1,(anonymous_4)
FNDA:4,createLayer
DA:3,2
DA:4,2
DA:5,2
DA:6,2
DA:64,6
DA:65,6
DA:66,6
DA:72,0
DA:73,0
DA:79,1
DA:83,1
DA:84,1
DA:86,1
DA:90,2
DA:128,2
DA:129,4
LF:16
LH:14
BRDA:3,0,0,2
BRDA:3,0,1,2
BRDA:83,1,0,1
BRF:3
BRH:3
end_of_record
TN:
SF:src/Layer/index.ts
FN:1,(anonymous_0)
FN:1,(anonymous_1)
FNF:2
FNH:1
FNDA:0,(anonymous_0)
FNDA:1,(anonymous_1)
DA:1,2
LF:1
LH:1
BRF:0
BRH:0
end_of_record
TN:
SF:src/Pitch/Pitch.ts
FN:57,(anonymous_7)
FN:60,(anonymous_8)
FN:65,(anonymous_9)
FN:68,(anonymous_10)
FN:73,(anonymous_11)
FN:76,(anonymous_12)
FN:80,(anonymous_13)
FN:101,(anonymous_14)
FN:105,(anonymous_15)
FN:245,(anonymous_16)
FN:264,(anonymous_17)
FN:285,(anonymous_18)
FN:298,(anonymous_19)
FN:303,(anonymous_20)
FN:356,(anonymous_21)
FN:375,(anonymous_22)
FN:404,(anonymous_23)
FN:411,(anonymous_24)
FN:429,(anonymous_25)
FN:436,createPitch
FNF:20
FNH:14
FNDA:8,(anonymous_7)
FNDA:6,(anonymous_8)
FNDA:10,(anonymous_9)
FNDA:6,(anonymous_10)
FNDA:7,(anonymous_11)
FNDA:6,(anonymous_12)
FNDA:6,(anonymous_13)
FNDA:1,(anonymous_14)
FNDA:6,(anonymous_15)
FNDA:3,(anonymous_16)
FNDA:1,(anonymous_17)
FNDA:0,(anonymous_18)
FNDA:0,(anonymous_19)
FNDA:2,(anonymous_20)
FNDA:0,(anonymous_21)
FNDA:1,(anonymous_22)
FNDA:0,(anonymous_23)
FNDA:0,(anonymous_24)
FNDA:2,(anonymous_25)
FNDA:0,createPitch
DA:1,1
DA:2,1
DA:37,1
DA:38,6
DA:44,6
DA:50,6
DA:58,8
DA:61,6
DA:66,10
DA:69,6
DA:74,7
DA:77,6
DA:80,6
DA:81,6
DA:82,6
DA:96,6
DA:98,6
DA:102,1
DA:110,6
DA:122,6
DA:123,0
DA:124,0
DA:125,0
DA:126,0
DA:129,6
DA:138,6
DA:149,6
DA:160,6
DA:170,6
DA:181,6
DA:192,6
DA:203,6
DA:214,6
DA:225,6
DA:240,6
DA:242,6
DA:246,3
DA:247,3
DA:248,0
DA:250,3
DA:252,3
DA:253,3
DA:260,3
DA:262,3
DA:264,1
DA:265,1
DA:267,1
DA:271,1
DA:277,1
DA:278,1
DA:282,1
DA:283,1
DA:286,0
DA:298,0
DA:301,1
DA:303,1
DA:304,2
DA:305,2
DA:306,2
DA:309,2
DA:312,2
DA:315,2
DA:319,2
DA:335,2
DA:345,2
DA:353,2
DA:354,2
DA:357,0
DA:372,1
DA:375,1
DA:376,1
DA:392,1
DA:402,1
DA:404,3
DA:406,0
DA:408,3
DA:412,0
DA:414,0
DA:415,0
DA:418,0
DA:419,0
DA:420,0
DA:421,0
DA:423,0
DA:424,0
DA:426,0
DA:430,2
DA:431,2
DA:432,2
DA:436,1
DA:437,0
LF:91
LH:71
BRDA:81,0,0,6
BRDA:81,0,1,0
BRDA:122,1,0,0
BRDA:247,2,0,0
BRDA:262,3,0,1
BRDA:262,3,1,1
BRDA:262,3,2,1
BRDA:262,3,3,1
BRDA:267,4,0,0
BRDA:267,4,1,1
BRDA:275,5,0,1
BRDA:275,5,1,0
BRDA:277,6,0,1
BRDA:277,6,1,0
BRDA:278,7,0,1
BRDA:278,7,1,0
BRDA:282,8,0,1
BRDA:305,9,0,2
BRDA:305,9,1,2
BRDA:306,10,0,2
BRDA:306,10,1,0
BRDA:309,11,0,2
BRDA:309,11,1,0
BRDA:312,12,0,2
BRDA:312,12,1,0
BRDA:315,13,0,2
BRDA:315,13,1,0
BRDA:319,14,0,2
BRDA:319,14,1,0
BRDA:328,15,0,2
BRDA:328,15,1,0
BRDA:332,16,0,2
BRDA:332,16,1,0
BRDA:338,17,0,2
BRDA:338,17,1,0
BRDA:339,18,0,2
BRDA:339,18,1,0
BRDA:353,19,0,2
BRDA:376,20,0,0
BRDA:376,20,1,1
BRDA:385,21,0,0
BRDA:385,21,1,0
BRDA:389,22,0,0
BRDA:389,22,1,0
BRDA:394,23,0,1
BRDA:394,23,1,0
BRDA:395,24,0,1
BRDA:395,24,1,0
BRDA:414,25,0,0
BRDA:414,26,0,0
BRDA:414,26,1,0
BRDA:420,27,0,0
BRF:52
BRH:25
end_of_record
TN:
SF:src/Pitch/index.ts
FN:1,(anonymous_0)
FN:1,(anonymous_1)
FNF:2
FNH:1
FNDA:0,(anonymous_0)
FNDA:1,(anonymous_1)
DA:1,2
LF:1
LH:1
BRF:0
BRH:0
end_of_record
